TN:
SF:lib/converters/geoPoint_converter.dart
FNF:0
FNH:0
DA:6,33
DA:8,2
DA:10,6
DA:13,1
DA:15,3
LF:5
LH:5
end_of_record
TN:
SF:lib/converters/timestamp_converter.dart
FNF:0
FNH:0
DA:6,66
DA:8,4
DA:9,4
DA:11,2
DA:12,2
LF:5
LH:5
end_of_record
TN:
SF:lib/models/novedad.dart
FNF:0
FNH:0
DA:22,4
LF:1
LH:1
end_of_record
TN:
SF:lib/models/user.dart
FNF:0
FNH:0
DA:23,2
DA:24,2
DA:44,4
LF:3
LH:3
end_of_record
TN:
SF:lib/models/voluntariado.dart
FNF:0
FNH:0
DA:36,2
DA:37,4
DA:38,2
DA:39,2
LF:4
LH:4
end_of_record
TN:
SF:lib/providers/auth_provider.dart
FNF:0
FNH:0
DA:7,0
DA:10,9
DA:11,0
DA:14,4
DA:15,2
DA:16,1
DA:17,1
DA:18,1
DA:19,0
LF:9
LH:6
end_of_record
TN:
SF:lib/providers/home_providers.dart
FNF:0
FNH:0
DA:3,4
LF:1
LH:1
end_of_record
TN:
SF:lib/providers/novedad_provider.dart
FNF:0
FNH:0
DA:5,3
DA:7,4
DA:8,3
DA:11,4
DA:12,3
LF:5
LH:5
end_of_record
TN:
SF:lib/providers/user_provider.dart
FNF:0
FNH:0
DA:6,6
DA:8,0
DA:9,0
DA:12,8
DA:13,4
DA:15,2
DA:16,2
DA:17,0
DA:18,8
DA:20,0
DA:21,0
DA:26,4
DA:28,3
DA:31,3
DA:32,2
DA:38,0
DA:39,0
DA:40,0
LF:18
LH:10
end_of_record
TN:
SF:lib/providers/voluntariado_provider.dart
FNF:0
FNH:0
DA:7,3
DA:9,4
DA:10,3
DA:13,5
DA:14,6
DA:17,4
DA:19,4
DA:20,2
DA:21,3
DA:25,2
DA:26,2
DA:27,3
DA:30,0
DA:31,0
DA:32,0
DA:33,0
DA:34,0
DA:37,0
DA:38,0
DA:41,0
DA:42,0
DA:43,0
DA:46,0
DA:47,0
DA:50,0
DA:51,0
DA:52,0
DA:55,0
DA:57,0
DA:58,0
DA:61,0
DA:62,0
LF:32
LH:12
end_of_record
TN:
SF:lib/services/auth_service.dart
FNF:0
FNH:0
DA:6,1
DA:10,0
DA:11,0
DA:12,0
DA:26,1
DA:28,2
DA:30,2
DA:32,1
DA:37,0
DA:38,0
DA:41,0
DA:49,0
DA:51,0
DA:54,0
DA:62,1
DA:64,2
DA:66,0
DA:68,0
DA:73,1
DA:74,2
DA:77,2
DA:85,2
DA:87,1
DA:90,1
DA:99,1
DA:100,2
LF:26
LH:15
end_of_record
TN:
SF:lib/services/novedad_service.dart
FNF:0
FNH:0
DA:5,1
DA:6,0
DA:8,1
DA:13,1
DA:14,3
DA:15,6
DA:18,1
DA:19,1
DA:20,1
DA:21,1
DA:22,2
DA:23,6
DA:26,1
DA:27,1
DA:28,1
DA:29,1
DA:30,4
LF:17
LH:16
end_of_record
TN:
SF:lib/services/user_service.dart
FNF:0
FNH:0
DA:10,1
DA:14,0
DA:15,0
DA:16,0
DA:17,0
DA:18,1
DA:27,1
DA:29,5
DA:30,2
DA:32,1
DA:35,2
DA:41,2
DA:43,1
DA:50,1
DA:58,2
DA:59,2
DA:60,3
DA:61,0
DA:62,0
DA:64,2
DA:67,1
DA:71,1
DA:72,2
DA:73,4
DA:74,1
DA:75,2
DA:78,5
DA:79,4
DA:82,3
DA:84,1
DA:85,4
DA:86,1
DA:87,1
DA:89,1
DA:90,1
DA:95,0
DA:101,0
DA:103,0
DA:105,0
DA:106,0
DA:107,0
DA:115,1
DA:116,1
DA:117,0
DA:120,0
DA:125,1
DA:128,1
DA:129,5
DA:130,2
DA:131,0
DA:134,0
DA:139,1
DA:142,1
DA:143,5
DA:144,2
DA:145,2
DA:148,2
DA:153,0
DA:157,0
DA:158,0
DA:159,0
DA:160,0
DA:163,0
DA:164,0
DA:165,0
DA:170,1
DA:172,3
DA:173,3
DA:175,5
DA:176,3
DA:177,1
DA:179,2
DA:182,0
DA:192,0
DA:194,0
DA:197,0
LF:76
LH:48
end_of_record
TN:
SF:lib/services/voluntariado_service.dart
FNF:0
FNH:0
DA:7,1
DA:10,0
DA:11,0
DA:12,0
DA:13,1
DA:20,1
DA:21,4
DA:22,4
DA:26,1
DA:27,1
DA:28,5
DA:29,1
DA:30,5
DA:31,2
DA:32,3
DA:33,3
DA:34,1
DA:35,1
DA:36,1
DA:37,1
DA:42,1
DA:44,2
DA:45,3
DA:46,1
DA:47,1
DA:49,2
DA:50,2
DA:52,3
DA:56,0
DA:66,1
DA:68,2
DA:69,3
DA:70,1
DA:71,1
DA:73,2
DA:74,3
DA:78,0
LF:37
LH:32
end_of_record
